<?xml version="1.0" encoding="UTF-8"?>
<!-- Generated by org.testng.reporters.JUnitReportReporter -->
<testsuite hostname="Cosmins-MacBook-Air.local" failures="0" tests="2" name="tests.ArtistsTest" time="1.692" errors="0" timestamp="2023-03-25T23:15:19 EET" skipped="0">
  <testcase classname="tests.ArtistsTest" name="verifyGetArtistEndpointReturnSuccessStatusCode" time="1.059"/>
  <system-out/>
  <testcase classname="tests.ArtistsTest" name="verifyPostPokemonReturnSuccessStatusCode" time="0.633"/>
  <system-out/>
</testsuite> <!-- tests.ArtistsTest -->
